#
# A fatal error has been detected by the Java Runtime Environment:
#
#  SIGSEGV (0xb) at pc=0x00007f0806659c40, pid=11132, tid=0x00007f07e8f28700
#
# JRE version: Java(TM) SE Runtime Environment (8.0_101-b13) (build 1.8.0_101-b13)
# Java VM: Java HotSpot(TM) 64-Bit Server VM (25.101-b13 mixed mode linux-amd64 compressed oops)
# Problematic frame:
# V  [libjvm.so+0x56dc40]  PhaseIdealLoop::Dominators()+0x360
#
# Failed to write core dump. Core dumps have been disabled. To enable core dumping, try "ulimit -c unlimited" before starting Java again
#
# If you would like to submit a bug report, please visit:
#   http://bugreport.java.com/bugreport/crash.jsp
#

---------------  T H R E A D  ---------------

Current thread (0x00007f08000b8800):  JavaThread "C2 CompilerThread0" daemon [_thread_in_native, id=11147, stack(0x00007f07e8e28000,0x00007f07e8f29000)]

siginfo: si_signo: 11 (SIGSEGV), si_code: 1 (SEGV_MAPERR), si_addr: 0x00003607c833ada0

Registers:
RAX=0x000000000000000e, RBX=0x00003607c833ad80, RCX=0x00007f07c834e5b0, RDX=0x0000000000000008
RSP=0x00007f07e8f231c0, RBP=0x00007f07e8f23280, RSI=0x00007f07c834e4c0, RDI=0x00007f07c833ad80
R8 =0x00007f07c8343750, R9 =0x00007f07c834e4c0, R10=0x0000000000000001, R11=0x00007f07c834f690
R12=0x00007f07c8343750, R13=0x0000000000000001, R14=0x00007f0807072640, R15=0x0000000000000005
RIP=0x00007f0806659c40, EFLAGS=0x0000000000010206, CSGSFS=0x0000000000000033, ERR=0x0000000000000006
  TRAPNO=0x000000000000000e

Top of Stack: (sp=0x00007f07e8f231c0)
0x00007f07e8f231c0:   0000000000007fe8 00007f07c833add0
0x00007f07e8f231d0:   00007f07e8f254d0 00007f07c833ad80
0x00007f07e8f231e0:   00007f07bc20d4f0 00000b08063cc0bb
0x00007f07e8f231f0:   00007f07c824a468 00007f07c0111050
0x00007f07e8f23200:   00007f07c0117ed0 00007f07c0119038
0x00007f07e8f23210:   00007f08000b8e30 00000000000bde60
0x00007f07e8f23220:   00007f07e8f23280 00007f07c834e4c0
0x00007f07e8f23230:   00007f0807054c10 00007f08000b8e30
0x00007f07e8f23240:   00007f0700000100 00007f07c01e6940
0x00007f07e8f23250:   00007f07e8f25408 00007f07c804e860
0x00007f07e8f23260:   00007f08000b8e30 00007f07e8f254d0
0x00007f07e8f23270:   00007f0807072640 00007f08000b8e30
0x00007f07e8f23280:   00007f07e8f235a0 00007f0806906f99
0x00007f07e8f23290:   00007f070000007c 00007f07e8f23550
0x00007f07e8f232a0:   00007f0807072640 0001000000000005
0x00007f07e8f232b0:   00007f07e8f254f0 00007f080000000d
0x00007f07e8f232c0:   0000000000000000 00007f0806b605b6
0x00007f07e8f232d0:   0000000000010010 00007f0806b60507
0x00007f07e8f232e0:   00007f07e8f23350 0000000000010010
0x00007f07e8f232f0:   ffff80f8170dcc91 00007f0800001002
0x00007f07e8f23300:   0000000000000400 0000000000010010
0x00007f07e8f23310:   ffff80f8170dcc71 0000000000001002
0x00007f07e8f23320:   0000000000000400 0000000000000430
0x00007f07e8f23330:   00007f07e8f23390 0000000000000080
0x00007f07e8f23340:   000000db00000000 0000000000000010
0x00007f07e8f23350:   0000000000000002 000000790000007e
0x00007f07e8f23360:   0000000000000000 00007f07e8f2338f
0x00007f07e8f23370:   0000000000000000 0000000000000000
0x00007f07e8f23380:   000000000000007c 00007f07e8f25460
0x00007f07e8f23390:   00007f07e8f233d0 00007f07c8000020
0x00007f07e8f233a0:   0000000000010010 0000000000010010
0x00007f07e8f233b0:   0000000000000000 00007f07c8000020 

Instructions: (pc=0x00007f0806659c40)
0x00007f0806659c20:   50 0c 41 89 50 0c 48 8b 75 a8 8b 46 0c 01 c0 39
0x00007f0806659c30:   c2 73 15 49 8b 58 28 49 89 48 28 eb 0b 0f 1f 00
0x00007f0806659c40:   4c 89 43 20 48 8b 5b 28 48 39 9d 58 ff ff ff 75
0x00007f0806659c50:   ef 49 8b 58 38 48 85 db 75 6b e9 91 00 00 00 90 

Register to memory mapping:

RAX=0x000000000000000e is an unknown value
RBX=0x00003607c833ad80 is an unknown value
RCX=0x00007f07c834e5b0 is an unknown value
RDX=0x0000000000000008 is an unknown value
RSP=0x00007f07e8f231c0 is pointing into the stack for thread: 0x00007f08000b8800
RBP=0x00007f07e8f23280 is pointing into the stack for thread: 0x00007f08000b8800
RSI=0x00007f07c834e4c0 is an unknown value
RDI=0x00007f07c833ad80 is an unknown value
R8 =0x00007f07c8343750 is an unknown value
R9 =0x00007f07c834e4c0 is an unknown value
R10=0x0000000000000001 is an unknown value
R11=0x00007f07c834f690 is an unknown value
R12=0x00007f07c8343750 is an unknown value
R13=0x0000000000000001 is an unknown value
R14=0x00007f0807072640: <offset 0xf86640> in /usr/lib/jvm/java-8-oracle/jre/lib/amd64/server/libjvm.so at 0x00007f08060ec000
R15=0x0000000000000005 is an unknown value


Stack: [0x00007f07e8e28000,0x00007f07e8f29000],  sp=0x00007f07e8f231c0,  free space=1004k
Native frames: (J=compiled Java code, j=interpreted, Vv=VM code, C=native code)
V  [libjvm.so+0x56dc40]  PhaseIdealLoop::Dominators()+0x360
V  [libjvm.so+0x81af99]  PhaseIdealLoop::build_and_optimize(bool, bool)+0x429
V  [libjvm.so+0x4a214f]  Compile::Optimize()+0x73f
V  [libjvm.so+0x4a684b]  Compile::Compile(ciEnv*, C2Compiler*, ciMethod*, int, bool, bool, bool)+0x13cb
V  [libjvm.so+0x3f20a8]  C2Compiler::compile_method(ciEnv*, ciMethod*, int)+0x198
V  [libjvm.so+0x4af61a]  CompileBroker::invoke_compiler_on_method(CompileTask*)+0xc9a
V  [libjvm.so+0x4b05c6]  CompileBroker::compiler_thread_loop()+0x5d6
V  [libjvm.so+0xa7343f]  JavaThread::thread_main_inner()+0xdf
V  [libjvm.so+0xa7356c]  JavaThread::run()+0x11c
V  [libjvm.so+0x924698]  java_start(Thread*)+0x108
C  [libpthread.so.0+0x8184]  start_thread+0xc4


Current CompileTask:
C2:   2689 1263       4       com.android.dx.dex.code.OutputFinisher::addConstants (93 bytes)


---------------  P R O C E S S  ---------------

Java Threads: ( => current thread )
  0x00007f08000c0000 JavaThread "Service Thread" daemon [_thread_blocked, id=11150, stack(0x00007f07e8b25000,0x00007f07e8c26000)]
  0x00007f08000bd000 JavaThread "C1 CompilerThread2" daemon [_thread_blocked, id=11149, stack(0x00007f07e8c26000,0x00007f07e8d27000)]
  0x00007f08000bb800 JavaThread "C2 CompilerThread1" daemon [_thread_in_native, id=11148, stack(0x00007f07e8d27000,0x00007f07e8e28000)]
=>0x00007f08000b8800 JavaThread "C2 CompilerThread0" daemon [_thread_in_native, id=11147, stack(0x00007f07e8e28000,0x00007f07e8f29000)]
  0x00007f08000b7000 JavaThread "Signal Dispatcher" daemon [_thread_blocked, id=11146, stack(0x00007f07e8f29000,0x00007f07e902a000)]
  0x00007f0800084000 JavaThread "Finalizer" daemon [_thread_blocked, id=11145, stack(0x00007f07e92f3000,0x00007f07e93f4000)]
  0x00007f080007f800 JavaThread "Reference Handler" daemon [_thread_blocked, id=11144, stack(0x00007f07e93f4000,0x00007f07e94f5000)]
  0x00007f080000a000 JavaThread "main" [_thread_in_Java, id=11135, stack(0x00007f0807bd3000,0x00007f0807cd4000)]

Other Threads:
  0x00007f0800078000 VMThread [stack: 0x00007f07e94f5000,0x00007f07e95f6000] [id=11143]
  0x00007f08000c3000 WatcherThread [stack: 0x00007f07e8a24000,0x00007f07e8b25000] [id=11151]

VM state:not at safepoint (normal execution)

VM Mutex/Monitor currently owned by a thread: None

Heap:
 PSYoungGen      total 67584K, used 20659K [0x00000000eab00000, 0x00000000ef200000, 0x0000000100000000)
  eden space 62464K, 24% used [0x00000000eab00000,0x00000000eba32e28,0x00000000ee800000)
  from space 5120K, 99% used [0x00000000eed00000,0x00000000ef1f9e78,0x00000000ef200000)
  to   space 5120K, 0% used [0x00000000ee800000,0x00000000ee800000,0x00000000eed00000)
 ParOldGen       total 83456K, used 4782K [0x00000000c0000000, 0x00000000c5180000, 0x00000000eab00000)
  object space 83456K, 5% used [0x00000000c0000000,0x00000000c04ab8f0,0x00000000c5180000)
 Metaspace       used 6048K, capacity 6960K, committed 7040K, reserved 1056768K
  class space    used 609K, capacity 616K, committed 640K, reserved 1048576K

Card table byte_map: [0x00007f080478c000,0x00007f080498d000] byte_map_base: 0x00007f080418c000

Marking Bits: (ParMarkBitMap*) 0x00007f08070ad120
 Begin Bits: [0x00007f07ea000000, 0x00007f07eb000000)
 End Bits:   [0x00007f07eb000000, 0x00007f07ec000000)

Polling page: 0x00007f0807cf6000

CodeCache: size=245760Kb used=4318Kb max_used=4318Kb free=241442Kb
 bounds [0x00007f07f1000000, 0x00007f07f1440000, 0x00007f0800000000]
 total_blobs=1558 nmethods=1290 adapters=182
 compilation: enabled

Compilation events (10 events):
Event: 2.672 Thread 0x00007f08000bd000 nmethod 1357 0x00007f07f142f550 code [0x00007f07f142f6e0, 0x00007f07f142fa98]
Event: 2.672 Thread 0x00007f08000bd000 1358       3       com.android.dx.dex.code.PositionList::set (7 bytes)
Event: 2.673 Thread 0x00007f08000bd000 nmethod 1358 0x00007f07f142fc10 code [0x00007f07f142fde0, 0x00007f07f14305c8]
Event: 2.675 Thread 0x00007f08000bd000 1363       3       com.android.dx.dex.code.StdCatchBuilder::handlersFor (216 bytes)
Event: 2.677 Thread 0x00007f08000bd000 nmethod 1363 0x00007f07f1430b90 code [0x00007f07f1430f00, 0x00007f07f1433098]
Event: 2.678 Thread 0x00007f08000bd000 1364       3       com.android.dx.dex.code.CstInsn::setIndex (37 bytes)
Event: 2.678 Thread 0x00007f08000bd000 nmethod 1364 0x00007f07f1434610 code [0x00007f07f14347a0, 0x00007f07f1434ad8]
Event: 2.678 Thread 0x00007f08000bd000 1361       3       com.android.dx.dex.code.OutputFinisher::assignIndices (61 bytes)
Event: 2.679 Thread 0x00007f08000bd000 nmethod 1361 0x00007f07f1434c10 code [0x00007f07f1434e20, 0x00007f07f1435b78]
Event: 2.679 Thread 0x00007f08000bd000 1365       3       com.android.dx.dex.file.TypeIdsSection::get (71 bytes)

GC Heap History (4 events):
Event: 1.714 GC heap before
{Heap before GC invocations=1 (full 0):
 PSYoungGen      total 36352K, used 31232K [0x00000000eab00000, 0x00000000ed380000, 0x0000000100000000)
  eden space 31232K, 100% used [0x00000000eab00000,0x00000000ec980000,0x00000000ec980000)
  from space 5120K, 0% used [0x00000000ece80000,0x00000000ece80000,0x00000000ed380000)
  to   space 5120K, 0% used [0x00000000ec980000,0x00000000ec980000,0x00000000ece80000)
 ParOldGen       total 83456K, used 0K [0x00000000c0000000, 0x00000000c5180000, 0x00000000eab00000)
  object space 83456K, 0% used [0x00000000c0000000,0x00000000c0000000,0x00000000c5180000)
 Metaspace       used 5745K, capacity 6768K, committed 7040K, reserved 1056768K
  class space    used 587K, capacity 616K, committed 640K, reserved 1048576K
Event: 1.745 GC heap after
Heap after GC invocations=1 (full 0):
 PSYoungGen      total 36352K, used 5096K [0x00000000eab00000, 0x00000000ef200000, 0x0000000100000000)
  eden space 31232K, 0% used [0x00000000eab00000,0x00000000eab00000,0x00000000ec980000)
  from space 5120K, 99% used [0x00000000ec980000,0x00000000ece7a0d8,0x00000000ece80000)
  to   space 5120K, 0% used [0x00000000eed00000,0x00000000eed00000,0x00000000ef200000)
 ParOldGen       total 83456K, used 1072K [0x00000000c0000000, 0x00000000c5180000, 0x00000000eab00000)
  object space 83456K, 1% used [0x00000000c0000000,0x00000000c010c3c0,0x00000000c5180000)
 Metaspace       used 5745K, capacity 6768K, committed 7040K, reserved 1056768K
  class space    used 587K, capacity 616K, committed 640K, reserved 1048576K
}
Event: 2.243 GC heap before
{Heap before GC invocations=2 (full 0):
 PSYoungGen      total 36352K, used 36328K [0x00000000eab00000, 0x00000000ef200000, 0x0000000100000000)
  eden space 31232K, 100% used [0x00000000eab00000,0x00000000ec980000,0x00000000ec980000)
  from space 5120K, 99% used [0x00000000ec980000,0x00000000ece7a0d8,0x00000000ece80000)
  to   space 5120K, 0% used [0x00000000eed00000,0x00000000eed00000,0x00000000ef200000)
 ParOldGen       total 83456K, used 1072K [0x00000000c0000000, 0x00000000c5180000, 0x00000000eab00000)
  object space 83456K, 1% used [0x00000000c0000000,0x00000000c010c3c0,0x00000000c5180000)
 Metaspace       used 5809K, capacity 6768K, committed 7040K, reserved 1056768K
  class space    used 592K, capacity 616K, committed 640K, reserved 1048576K
Event: 2.262 GC heap after
Heap after GC invocations=2 (full 0):
 PSYoungGen      total 67584K, used 5095K [0x00000000eab00000, 0x00000000ef200000, 0x0000000100000000)
  eden space 62464K, 0% used [0x00000000eab00000,0x00000000eab00000,0x00000000ee800000)
  from space 5120K, 99% used [0x00000000eed00000,0x00000000ef1f9e78,0x00000000ef200000)
  to   space 5120K, 0% used [0x00000000ee800000,0x00000000ee800000,0x00000000eed00000)
 ParOldGen       total 83456K, used 4782K [0x00000000c0000000, 0x00000000c5180000, 0x00000000eab00000)
  object space 83456K, 5% used [0x00000000c0000000,0x00000000c04ab8f0,0x00000000c5180000)
 Metaspace       used 5809K, capacity 6768K, committed 7040K, reserved 1056768K
  class space    used 592K, capacity 616K, committed 640K, reserved 1048576K
}

Deoptimization events (10 events):
Event: 2.422 Thread 0x00007f080000a000 Uncommon trap: reason=bimorphic action=maybe_recompile pc=0x00007f07f11e8e54 method=java.util.HashMap.getNode(ILjava/lang/Object;)Ljava/util/HashMap$Node; @ 126
Event: 2.422 Thread 0x00007f080000a000 Uncommon trap: reason=bimorphic action=maybe_recompile pc=0x00007f07f11e8e54 method=java.util.HashMap.getNode(ILjava/lang/Object;)Ljava/util/HashMap$Node; @ 126
Event: 2.427 Thread 0x00007f080000a000 Uncommon trap: reason=bimorphic action=maybe_recompile pc=0x00007f07f11e8e54 method=java.util.HashMap.getNode(ILjava/lang/Object;)Ljava/util/HashMap$Node; @ 126
Event: 2.427 Thread 0x00007f080000a000 Uncommon trap: reason=bimorphic action=maybe_recompile pc=0x00007f07f12b6898 method=java.util.HashMap.getNode(ILjava/lang/Object;)Ljava/util/HashMap$Node; @ 126
Event: 2.437 Thread 0x00007f080000a000 Uncommon trap: reason=unstable_if action=reinterpret pc=0x00007f07f13e5fec method=java.util.HashMap.putVal(ILjava/lang/Object;Ljava/lang/Object;ZZ)Ljava/lang/Object; @ 94
Event: 2.608 Thread 0x00007f080000a000 Uncommon trap: reason=speculate_class_check action=maybe_recompile pc=0x00007f07f13deaec method=com.android.dx.util.FixedSizeList.equals(Ljava/lang/Object;)Z @ 25
Event: 2.608 Thread 0x00007f080000a000 Uncommon trap: reason=unstable_if action=reinterpret pc=0x00007f07f1350f10 method=java.util.Arrays.equals([Ljava/lang/Object;[Ljava/lang/Object;)Z @ 23
Event: 2.608 Thread 0x00007f080000a000 Uncommon trap: reason=speculate_class_check action=maybe_recompile pc=0x00007f07f13deaec method=com.android.dx.util.FixedSizeList.equals(Ljava/lang/Object;)Z @ 25
Event: 2.608 Thread 0x00007f080000a000 Uncommon trap: reason=speculate_class_check action=maybe_recompile pc=0x00007f07f13deaec method=com.android.dx.util.FixedSizeList.equals(Ljava/lang/Object;)Z @ 25
Event: 2.620 Thread 0x00007f080000a000 Uncommon trap: reason=speculate_class_check action=maybe_recompile pc=0x00007f07f13deaec method=com.android.dx.util.FixedSizeList.equals(Ljava/lang/Object;)Z @ 25

Internal exceptions (4 events):
Event: 0.090 Thread 0x00007f080000a000 Exception <a 'java/lang/NoSuchMethodError': Method sun.misc.Unsafe.defineClass(Ljava/lang/String;[BII)Ljava/lang/Class; name or signature does not match> (0x00000000eab07cc0) thrown at [/HUDSON3/workspace/8-2-build-linux-amd64/jdk8u101/7261/hotspot/src/sh
Event: 0.090 Thread 0x00007f080000a000 Exception <a 'java/lang/NoSuchMethodError': Method sun.misc.Unsafe.prefetchRead(Ljava/lang/Object;J)V name or signature does not match> (0x00000000eab07fa8) thrown at [/HUDSON3/workspace/8-2-build-linux-amd64/jdk8u101/7261/hotspot/src/share/vm/prims/jni.c
Event: 1.573 Thread 0x00007f0800134800 Implicit null exception at 0x00007f07f12bb029 to 0x00007f07f12bd639
Event: 2.137 Thread 0x00007f080013c000 Implicit null exception at 0x00007f07f12dfe28 to 0x00007f07f12e2b8d

Events (10 events):
Event: 2.608 Thread 0x00007f080000a000 DEOPT PACKING pc=0x00007f07f13deaec sp=0x00007f0807cd2160
Event: 2.608 Thread 0x00007f080000a000 DEOPT UNPACKING pc=0x00007f07f1005229 sp=0x00007f0807cd2140 mode 2
Event: 2.608 Thread 0x00007f080000a000 Uncommon trap: trap_request=0xffffff76 fr.pc=0x00007f07f13deaec
Event: 2.608 Thread 0x00007f080000a000 DEOPT PACKING pc=0x00007f07f13deaec sp=0x00007f0807cd2160
Event: 2.608 Thread 0x00007f080000a000 DEOPT UNPACKING pc=0x00007f07f1005229 sp=0x00007f0807cd2140 mode 2
Event: 2.609 loading class com/android/dx/util/ByteArrayAnnotatedOutput
Event: 2.609 loading class com/android/dx/util/ByteArrayAnnotatedOutput done
Event: 2.620 Thread 0x00007f080000a000 Uncommon trap: trap_request=0xffffff76 fr.pc=0x00007f07f13deaec
Event: 2.620 Thread 0x00007f080000a000 DEOPT PACKING pc=0x00007f07f13deaec sp=0x00007f0807cd2160
Event: 2.620 Thread 0x00007f080000a000 DEOPT UNPACKING pc=0x00007f07f1005229 sp=0x00007f0807cd2140 mode 2


Dynamic libraries:
00400000-00401000 r-xp 00000000 fc:00 4730402                            /usr/lib/jvm/java-8-oracle/bin/java
00600000-00601000 rw-p 00000000 fc:00 4730402                            /usr/lib/jvm/java-8-oracle/bin/java
018fd000-0191e000 rw-p 00000000 00:00 0                                  [heap]
c0000000-c5180000 rw-p 00000000 00:00 0 
c5180000-eab00000 ---p 00000000 00:00 0 
eab00000-ef200000 rw-p 00000000 00:00 0 
ef200000-100000000 ---p 00000000 00:00 0 
100000000-1000a0000 rw-p 00000000 00:00 0 
1000a0000-140000000 ---p 00000000 00:00 0 
7f079c000000-7f079c031000 rw-p 00000000 00:00 0 
7f079c031000-7f07a0000000 ---p 00000000 00:00 0 
7f07a4000000-7f07a4021000 rw-p 00000000 00:00 0 
7f07a4021000-7f07a8000000 ---p 00000000 00:00 0 
7f07a8000000-7f07a8021000 rw-p 00000000 00:00 0 
7f07a8021000-7f07ac000000 ---p 00000000 00:00 0 
7f07ac000000-7f07ac022000 rw-p 00000000 00:00 0 
7f07ac022000-7f07b0000000 ---p 00000000 00:00 0 
7f07b0000000-7f07b0021000 rw-p 00000000 00:00 0 
7f07b0021000-7f07b4000000 ---p 00000000 00:00 0 
7f07b4000000-7f07b4021000 rw-p 00000000 00:00 0 
7f07b4021000-7f07b8000000 ---p 00000000 00:00 0 
7f07b8000000-7f07b8021000 rw-p 00000000 00:00 0 
7f07b8021000-7f07bc000000 ---p 00000000 00:00 0 
7f07bc000000-7f07bc6b4000 rw-p 00000000 00:00 0 
7f07bc6b4000-7f07c0000000 ---p 00000000 00:00 0 
7f07c0000000-7f07c06ec000 rw-p 00000000 00:00 0 
7f07c06ec000-7f07c4000000 ---p 00000000 00:00 0 
7f07c4000000-7f07c4021000 rw-p 00000000 00:00 0 
7f07c4021000-7f07c8000000 ---p 00000000 00:00 0 
7f07c8000000-7f07c864b000 rw-p 00000000 00:00 0 
7f07c864b000-7f07cc000000 ---p 00000000 00:00 0 
7f07cc000000-7f07cc021000 rw-p 00000000 00:00 0 
7f07cc021000-7f07d0000000 ---p 00000000 00:00 0 
7f07d0000000-7f07d0021000 rw-p 00000000 00:00 0 
7f07d0021000-7f07d4000000 ---p 00000000 00:00 0 
7f07d4000000-7f07d4021000 rw-p 00000000 00:00 0 
7f07d4021000-7f07d8000000 ---p 00000000 00:00 0 
7f07d8000000-7f07d8021000 rw-p 00000000 00:00 0 
7f07d8021000-7f07dc000000 ---p 00000000 00:00 0 
7f07dc000000-7f07dc021000 rw-p 00000000 00:00 0 
7f07dc021000-7f07e0000000 ---p 00000000 00:00 0 
7f07e4000000-7f07e4021000 rw-p 00000000 00:00 0 
7f07e4021000-7f07e8000000 ---p 00000000 00:00 0 
7f07e851f000-7f07e8522000 ---p 00000000 00:00 0 
7f07e8522000-7f07e8620000 rw-p 00000000 00:00 0 
7f07e8620000-7f07e8623000 ---p 00000000 00:00 0 
7f07e8623000-7f07e8721000 rw-p 00000000 00:00 0 
7f07e8721000-7f07e8724000 ---p 00000000 00:00 0 
7f07e8724000-7f07e8822000 rw-p 00000000 00:00 0 
7f07e8822000-7f07e8825000 ---p 00000000 00:00 0 
7f07e8825000-7f07e8923000 rw-p 00000000 00:00 0 
7f07e8923000-7f07e8926000 ---p 00000000 00:00 0 
7f07e8926000-7f07e8a24000 rw-p 00000000 00:00 0 
7f07e8a24000-7f07e8a25000 ---p 00000000 00:00 0 
7f07e8a25000-7f07e8b25000 rw-p 00000000 00:00 0                          [stack:11151]
7f07e8b25000-7f07e8b28000 ---p 00000000 00:00 0 
7f07e8b28000-7f07e8c26000 rw-p 00000000 00:00 0                          [stack:11150]
7f07e8c26000-7f07e8c29000 ---p 00000000 00:00 0 
7f07e8c29000-7f07e8d27000 rw-p 00000000 00:00 0                          [stack:11149]
7f07e8d27000-7f07e8d2a000 ---p 00000000 00:00 0 
7f07e8d2a000-7f07e8e28000 rw-p 00000000 00:00 0                          [stack:11148]
7f07e8e28000-7f07e8e2b000 ---p 00000000 00:00 0 
7f07e8e2b000-7f07e8f29000 rw-p 00000000 00:00 0                          [stack:11147]
7f07e8f29000-7f07e8f2c000 ---p 00000000 00:00 0 
7f07e8f2c000-7f07e902a000 rw-p 00000000 00:00 0                          [stack:11146]
7f07e902a000-7f07e92f3000 r--p 00000000 fc:00 2757089                    /usr/lib/locale/locale-archive
7f07e92f3000-7f07e92f6000 ---p 00000000 00:00 0 
7f07e92f6000-7f07e93f4000 rw-p 00000000 00:00 0                          [stack:11145]
7f07e93f4000-7f07e93f7000 ---p 00000000 00:00 0 
7f07e93f7000-7f07e94f5000 rw-p 00000000 00:00 0                          [stack:11144]
7f07e94f5000-7f07e94f6000 ---p 00000000 00:00 0 
7f07e94f6000-7f07ec000000 rw-p 00000000 00:00 0                          [stack:11143]
7f07ec000000-7f07ec021000 rw-p 00000000 00:00 0 
7f07ec021000-7f07f0000000 ---p 00000000 00:00 0 
7f07f0028000-7f07f05b1000 rw-p 00000000 00:00 0 
7f07f05b1000-7f07f078a000 r--s 03d29000 fc:00 4070968                    /usr/lib/jvm/java-8-oracle/jre/lib/rt.jar
7f07f078a000-7f07f0e40000 rw-p 00000000 00:00 0 
7f07f0e40000-7f07f1000000 ---p 00000000 00:00 0 
7f07f1000000-7f07f1440000 rwxp 00000000 00:00 0 
7f07f1440000-7f0800000000 ---p 00000000 00:00 0 
7f0800000000-7f080038d000 rw-p 00000000 00:00 0 
7f080038d000-7f0804000000 ---p 00000000 00:00 0 
7f0804002000-7f0804011000 r--s 000df000 fc:00 7865876                    /home/hareesh/Android/Sdk/build-tools/23.0.3/lib/dx.jar
7f0804011000-7f0804232000 rw-p 00000000 00:00 0 
7f0804232000-7f0804233000 ---p 00000000 00:00 0 
7f0804233000-7f0804333000 rw-p 00000000 00:00 0                          [stack:11142]
7f0804333000-7f0804334000 ---p 00000000 00:00 0 
7f0804334000-7f0804434000 rw-p 00000000 00:00 0                          [stack:11141]
7f0804434000-7f0804435000 ---p 00000000 00:00 0 
7f0804435000-7f0804535000 rw-p 00000000 00:00 0                          [stack:11140]
7f0804535000-7f0804536000 ---p 00000000 00:00 0 
7f0804536000-7f080465f000 rw-p 00000000 00:00 0                          [stack:11139]
7f080465f000-7f080478c000 ---p 00000000 00:00 0 
7f080478c000-7f08047b5000 rw-p 00000000 00:00 0 
7f08047b5000-7f08048e1000 ---p 00000000 00:00 0 
7f08048e1000-7f0804905000 rw-p 00000000 00:00 0 
7f0804905000-7f080498c000 ---p 00000000 00:00 0 
7f080498c000-7f080499e000 rw-p 00000000 00:00 0 
7f080499e000-7f0804d4d000 ---p 00000000 00:00 0 
7f0804d4d000-7f0804d67000 r-xp 00000000 fc:00 4067470                    /usr/lib/jvm/java-8-oracle/jre/lib/amd64/libzip.so
7f0804d67000-7f0804f67000 ---p 0001a000 fc:00 4067470                    /usr/lib/jvm/java-8-oracle/jre/lib/amd64/libzip.so
7f0804f67000-7f0804f68000 rw-p 0001a000 fc:00 4067470                    /usr/lib/jvm/java-8-oracle/jre/lib/amd64/libzip.so
7f0804f68000-7f0804f72000 r-xp 00000000 fc:00 4982331                    /lib/x86_64-linux-gnu/libnss_files-2.19.so
7f0804f72000-7f0805171000 ---p 0000a000 fc:00 4982331                    /lib/x86_64-linux-gnu/libnss_files-2.19.so
7f0805171000-7f0805172000 r--p 00009000 fc:00 4982331                    /lib/x86_64-linux-gnu/libnss_files-2.19.so
7f0805172000-7f0805173000 rw-p 0000a000 fc:00 4982331                    /lib/x86_64-linux-gnu/libnss_files-2.19.so
7f0805173000-7f080517e000 r-xp 00000000 fc:00 4982322                    /lib/x86_64-linux-gnu/libnss_nis-2.19.so
7f080517e000-7f080537d000 ---p 0000b000 fc:00 4982322                    /lib/x86_64-linux-gnu/libnss_nis-2.19.so
7f080537d000-7f080537e000 r--p 0000a000 fc:00 4982322                    /lib/x86_64-linux-gnu/libnss_nis-2.19.so
7f080537e000-7f080537f000 rw-p 0000b000 fc:00 4982322                    /lib/x86_64-linux-gnu/libnss_nis-2.19.so
7f080537f000-7f0805396000 r-xp 00000000 fc:00 4982316                    /lib/x86_64-linux-gnu/libnsl-2.19.so
7f0805396000-7f0805595000 ---p 00017000 fc:00 4982316                    /lib/x86_64-linux-gnu/libnsl-2.19.so
7f0805595000-7f0805596000 r--p 00016000 fc:00 4982316                    /lib/x86_64-linux-gnu/libnsl-2.19.so
7f0805596000-7f0805597000 rw-p 00017000 fc:00 4982316                    /lib/x86_64-linux-gnu/libnsl-2.19.so
7f0805597000-7f0805599000 rw-p 00000000 00:00 0 
7f0805599000-7f08055a2000 r-xp 00000000 fc:00 4982315                    /lib/x86_64-linux-gnu/libnss_compat-2.19.so
7f08055a2000-7f08057a1000 ---p 00009000 fc:00 4982315                    /lib/x86_64-linux-gnu/libnss_compat-2.19.so
7f08057a1000-7f08057a2000 r--p 00008000 fc:00 4982315                    /lib/x86_64-linux-gnu/libnss_compat-2.19.so
7f08057a2000-7f08057a3000 rw-p 00009000 fc:00 4982315                    /lib/x86_64-linux-gnu/libnss_compat-2.19.so
7f08057a3000-7f08057cd000 r-xp 00000000 fc:00 4067481                    /usr/lib/jvm/java-8-oracle/jre/lib/amd64/libjava.so
7f08057cd000-7f08059cd000 ---p 0002a000 fc:00 4067481                    /usr/lib/jvm/java-8-oracle/jre/lib/amd64/libjava.so
7f08059cd000-7f08059cf000 rw-p 0002a000 fc:00 4067481                    /usr/lib/jvm/java-8-oracle/jre/lib/amd64/libjava.so
7f08059cf000-7f08059dc000 r-xp 00000000 fc:00 4067522                    /usr/lib/jvm/java-8-oracle/jre/lib/amd64/libverify.so
7f08059dc000-7f0805bdc000 ---p 0000d000 fc:00 4067522                    /usr/lib/jvm/java-8-oracle/jre/lib/amd64/libverify.so
7f0805bdc000-7f0805bde000 rw-p 0000d000 fc:00 4067522                    /usr/lib/jvm/java-8-oracle/jre/lib/amd64/libverify.so
7f0805bde000-7f0805be5000 r-xp 00000000 fc:00 4982326                    /lib/x86_64-linux-gnu/librt-2.19.so
7f0805be5000-7f0805de4000 ---p 00007000 fc:00 4982326                    /lib/x86_64-linux-gnu/librt-2.19.so
7f0805de4000-7f0805de5000 r--p 00006000 fc:00 4982326                    /lib/x86_64-linux-gnu/librt-2.19.so
7f0805de5000-7f0805de6000 rw-p 00007000 fc:00 4982326                    /lib/x86_64-linux-gnu/librt-2.19.so
7f0805de6000-7f0805eeb000 r-xp 00000000 fc:00 4981157                    /lib/x86_64-linux-gnu/libm-2.19.so
7f0805eeb000-7f08060ea000 ---p 00105000 fc:00 4981157                    /lib/x86_64-linux-gnu/libm-2.19.so
7f08060ea000-7f08060eb000 r--p 00104000 fc:00 4981157                    /lib/x86_64-linux-gnu/libm-2.19.so
7f08060eb000-7f08060ec000 rw-p 00105000 fc:00 4981157                    /lib/x86_64-linux-gnu/libm-2.19.so
7f08060ec000-7f0806db7000 r-xp 00000000 fc:00 4067495                    /usr/lib/jvm/java-8-oracle/jre/lib/amd64/server/libjvm.so
7f0806db7000-7f0806fb6000 ---p 00ccb000 fc:00 4067495                    /usr/lib/jvm/java-8-oracle/jre/lib/amd64/server/libjvm.so
7f0806fb6000-7f080708f000 rw-p 00cca000 fc:00 4067495                    /usr/lib/jvm/java-8-oracle/jre/lib/amd64/server/libjvm.so
7f080708f000-7f08070da000 rw-p 00000000 00:00 0 
7f08070da000-7f0807294000 r-xp 00000000 fc:00 4982327                    /lib/x86_64-linux-gnu/libc-2.19.so
7f0807294000-7f0807494000 ---p 001ba000 fc:00 4982327                    /lib/x86_64-linux-gnu/libc-2.19.so
7f0807494000-7f0807498000 r--p 001ba000 fc:00 4982327                    /lib/x86_64-linux-gnu/libc-2.19.so
7f0807498000-7f080749a000 rw-p 001be000 fc:00 4982327                    /lib/x86_64-linux-gnu/libc-2.19.so
7f080749a000-7f080749f000 rw-p 00000000 00:00 0 
7f080749f000-7f08074a2000 r-xp 00000000 fc:00 4982311                    /lib/x86_64-linux-gnu/libdl-2.19.so
7f08074a2000-7f08076a1000 ---p 00003000 fc:00 4982311                    /lib/x86_64-linux-gnu/libdl-2.19.so
7f08076a1000-7f08076a2000 r--p 00002000 fc:00 4982311                    /lib/x86_64-linux-gnu/libdl-2.19.so
7f08076a2000-7f08076a3000 rw-p 00003000 fc:00 4982311                    /lib/x86_64-linux-gnu/libdl-2.19.so
7f08076a3000-7f08076b8000 r-xp 00000000 fc:00 4067440                    /usr/lib/jvm/java-8-oracle/lib/amd64/jli/libjli.so
7f08076b8000-7f08078b8000 ---p 00015000 fc:00 4067440                    /usr/lib/jvm/java-8-oracle/lib/amd64/jli/libjli.so
7f08078b8000-7f08078b9000 rw-p 00015000 fc:00 4067440                    /usr/lib/jvm/java-8-oracle/lib/amd64/jli/libjli.so
7f08078b9000-7f08078d2000 r-xp 00000000 fc:00 4982317                    /lib/x86_64-linux-gnu/libpthread-2.19.so
7f08078d2000-7f0807ad1000 ---p 00019000 fc:00 4982317                    /lib/x86_64-linux-gnu/libpthread-2.19.so
7f0807ad1000-7f0807ad2000 r--p 00018000 fc:00 4982317                    /lib/x86_64-linux-gnu/libpthread-2.19.so
7f0807ad2000-7f0807ad3000 rw-p 00019000 fc:00 4982317                    /lib/x86_64-linux-gnu/libpthread-2.19.so
7f0807ad3000-7f0807ad7000 rw-p 00000000 00:00 0 
7f0807ad7000-7f0807afa000 r-xp 00000000 fc:00 4982320                    /lib/x86_64-linux-gnu/ld-2.19.so
7f0807b00000-7f0807bd3000 rw-p 00000000 00:00 0 
7f0807bd3000-7f0807bd6000 ---p 00000000 00:00 0 
7f0807bd6000-7f0807ced000 rw-p 00000000 00:00 0                          [stack:11135]
7f0807ced000-7f0807cf5000 rw-s 00000000 fc:00 6820961                    /tmp/hsperfdata_hareesh/11132
7f0807cf5000-7f0807cf6000 rw-p 00000000 00:00 0 
7f0807cf6000-7f0807cf7000 r--p 00000000 00:00 0 
7f0807cf7000-7f0807cf9000 rw-p 00000000 00:00 0 
7f0807cf9000-7f0807cfa000 r--p 00022000 fc:00 4982320                    /lib/x86_64-linux-gnu/ld-2.19.so
7f0807cfa000-7f0807cfb000 rw-p 00023000 fc:00 4982320                    /lib/x86_64-linux-gnu/ld-2.19.so
7f0807cfb000-7f0807cfc000 rw-p 00000000 00:00 0 
7ffe667c8000-7ffe667e9000 rw-p 00000000 00:00 0                          [stack]
7ffe667eb000-7ffe667ed000 r-xp 00000000 00:00 0                          [vdso]
ffffffffff600000-ffffffffff601000 r-xp 00000000 00:00 0                  [vsyscall]

VM Arguments:
jvm_args: -Djava.awt.headless=true -Xmx1024M -Dfile.encoding=UTF-8 -Duser.country=US -Duser.language=en -Duser.variant 
java_command: com.android.dx.command.Main --dex --num-threads=4 --output /home/hareesh/Documents/Telemedicine/telemedicine/app/build/intermediates/pre-dexed/debug/Java-WebSocket-1.3.0_57e416096f70f64bbdaadfb44139666059ee5a80.jar /home/hareesh/.gradle/caches/modules-2/files-2.1/org.java-websocket/Java-WebSocket/1.3.0/db2658f013fb163de4a99274c2eb9e17efe535d2/Java-WebSocket-1.3.0.jar
java_class_path (initial): /home/hareesh/Android/Sdk/build-tools/23.0.3/lib/dx.jar
Launcher Type: SUN_STANDARD

Environment Variables:
JAVA_HOME=/usr/lib/jvm/java-7-oracle
PATH=/usr/local/sbin:/usr/local/bin:/usr/sbin:/usr/bin:/sbin:/bin:/usr/games:/usr/local/games:/usr/lib/jvm/java-7-oracle/bin:/usr/lib/jvm/java-7-oracle/db/bin:/usr/lib/jvm/java-7-oracle/jre/bin
LD_LIBRARY_PATH=/home/hareesh/android-studio/bin:
SHELL=/bin/bash
DISPLAY=:0

Signal Handlers:
SIGSEGV: [libjvm.so+0xac4790], sa_mask[0]=11111111011111111101111111111110, sa_flags=SA_RESTART|SA_SIGINFO
SIGBUS: [libjvm.so+0xac4790], sa_mask[0]=11111111011111111101111111111110, sa_flags=SA_RESTART|SA_SIGINFO
SIGFPE: [libjvm.so+0x91f140], sa_mask[0]=11111111011111111101111111111110, sa_flags=SA_RESTART|SA_SIGINFO
SIGPIPE: [libjvm.so+0x91f140], sa_mask[0]=11111111011111111101111111111110, sa_flags=SA_RESTART|SA_SIGINFO
SIGXFSZ: [libjvm.so+0x91f140], sa_mask[0]=11111111011111111101111111111110, sa_flags=SA_RESTART|SA_SIGINFO
SIGILL: [libjvm.so+0x91f140], sa_mask[0]=11111111011111111101111111111110, sa_flags=SA_RESTART|SA_SIGINFO
SIGUSR1: SIG_DFL, sa_mask[0]=00000000000000000000000000000000, sa_flags=none
SIGUSR2: [libjvm.so+0x920770], sa_mask[0]=00100000000000000000000000000000, sa_flags=SA_RESTART|SA_SIGINFO
SIGHUP: [libjvm.so+0x921b70], sa_mask[0]=11111111011111111101111111111110, sa_flags=SA_RESTART|SA_SIGINFO
SIGINT: [libjvm.so+0x921b70], sa_mask[0]=11111111011111111101111111111110, sa_flags=SA_RESTART|SA_SIGINFO
SIGTERM: [libjvm.so+0x921b70], sa_mask[0]=11111111011111111101111111111110, sa_flags=SA_RESTART|SA_SIGINFO
SIGQUIT: [libjvm.so+0x921b70], sa_mask[0]=11111111011111111101111111111110, sa_flags=SA_RESTART|SA_SIGINFO


---------------  S Y S T E M  ---------------

OS:DISTRIB_ID=Ubuntu
DISTRIB_RELEASE=14.04
DISTRIB_CODENAME=trusty
DISTRIB_DESCRIPTION="Ubuntu 14.04.5 LTS"

uname:Linux 3.13.0-95-generic #142-Ubuntu SMP Fri Aug 12 17:00:09 UTC 2016 x86_64
libc:glibc 2.19 NPTL 2.19 
rlimit: STACK 8192k, CORE 0k, NPROC 61329, NOFILE 4096, AS infinity
load average:6.22 1.78 0.98

/proc/meminfo:
MemTotal:        7872648 kB
MemFree:         1793252 kB
Buffers:           66036 kB
Cached:          2512932 kB
SwapCached:            0 kB
Active:          3867576 kB
Inactive:        1921724 kB
Active(anon):    2658088 kB
Inactive(anon):   851656 kB
Active(file):    1209488 kB
Inactive(file):  1070068 kB
Unevictable:         164 kB
Mlocked:             164 kB
SwapTotal:       3883004 kB
SwapFree:        3882784 kB
Dirty:             48908 kB
Writeback:             0 kB
AnonPages:       3210556 kB
Mapped:           375112 kB
Shmem:            299412 kB
Slab:             173428 kB
SReclaimable:     135580 kB
SUnreclaim:        37848 kB
KernelStack:        5304 kB
PageTables:        38792 kB
NFS_Unstable:          0 kB
Bounce:                0 kB
WritebackTmp:          0 kB
CommitLimit:     7819328 kB
Committed_AS:    7758436 kB
VmallocTotal:   34359738367 kB
VmallocUsed:      354716 kB
VmallocChunk:   34359374132 kB
HardwareCorrupted:     0 kB
AnonHugePages:   2150400 kB
HugePages_Total:       0
HugePages_Free:        0
HugePages_Rsvd:        0
HugePages_Surp:        0
Hugepagesize:       2048 kB
DirectMap4k:       60420 kB
DirectMap2M:     8019968 kB


CPU:total 4 (2 cores per cpu, 2 threads per core) family 6 model 58 stepping 9, cmov, cx8, fxsr, mmx, sse, sse2, sse3, ssse3, sse4.1, sse4.2, popcnt, avx, clmul, erms, ht, tsc, tscinvbit, tscinv

/proc/cpuinfo:
processor	: 0
vendor_id	: GenuineIntel
cpu family	: 6
model		: 58
model name	: Intel(R) Core(TM) i3-3210 CPU @ 3.20GHz
stepping	: 9
microcode	: 0x15
cpu MHz		: 3200.000
cache size	: 3072 KB
physical id	: 0
siblings	: 4
core id		: 0
cpu cores	: 2
apicid		: 0
initial apicid	: 0
fpu		: yes
fpu_exception	: yes
cpuid level	: 13
wp		: yes
flags		: fpu vme de pse tsc msr pae mce cx8 apic sep mtrr pge mca cmov pat pse36 clflush dts acpi mmx fxsr sse sse2 ss ht tm pbe syscall nx rdtscp lm constant_tsc arch_perfmon pebs bts rep_good nopl xtopology nonstop_tsc aperfmperf eagerfpu pni pclmulqdq dtes64 monitor ds_cpl vmx est tm2 ssse3 cx16 xtpr pdcm pcid sse4_1 sse4_2 popcnt tsc_deadline_timer xsave avx f16c lahf_lm arat epb xsaveopt pln pts dtherm tpr_shadow vnmi flexpriority ept vpid fsgsbase smep erms
bogomips	: 6385.81
clflush size	: 64
cache_alignment	: 64
address sizes	: 36 bits physical, 48 bits virtual
power management:

processor	: 1
vendor_id	: GenuineIntel
cpu family	: 6
model		: 58
model name	: Intel(R) Core(TM) i3-3210 CPU @ 3.20GHz
stepping	: 9
microcode	: 0x15
cpu MHz		: 3200.000
cache size	: 3072 KB
physical id	: 0
siblings	: 4
core id		: 1
cpu cores	: 2
apicid		: 2
initial apicid	: 2
fpu		: yes
fpu_exception	: yes
cpuid level	: 13
wp		: yes
flags		: fpu vme de pse tsc msr pae mce cx8 apic sep mtrr pge mca cmov pat pse36 clflush dts acpi mmx fxsr sse sse2 ss ht tm pbe syscall nx rdtscp lm constant_tsc arch_perfmon pebs bts rep_good nopl xtopology nonstop_tsc aperfmperf eagerfpu pni pclmulqdq dtes64 monitor ds_cpl vmx est tm2 ssse3 cx16 xtpr pdcm pcid sse4_1 sse4_2 popcnt tsc_deadline_timer xsave avx f16c lahf_lm arat epb xsaveopt pln pts dtherm tpr_shadow vnmi flexpriority ept vpid fsgsbase smep erms
bogomips	: 6385.81
clflush size	: 64
cache_alignment	: 64
address sizes	: 36 bits physical, 48 bits virtual
power management:

processor	: 2
vendor_id	: GenuineIntel
cpu family	: 6
model		: 58
model name	: Intel(R) Core(TM) i3-3210 CPU @ 3.20GHz
stepping	: 9
microcode	: 0x15
cpu MHz		: 3200.000
cache size	: 3072 KB
physical id	: 0
siblings	: 4
core id		: 0
cpu cores	: 2
apicid		: 1
initial apicid	: 1
fpu		: yes
fpu_exception	: yes
cpuid level	: 13
wp		: yes
flags		: fpu vme de pse tsc msr pae mce cx8 apic sep mtrr pge mca cmov pat pse36 clflush dts acpi mmx fxsr sse sse2 ss ht tm pbe syscall nx rdtscp lm constant_tsc arch_perfmon pebs bts rep_good nopl xtopology nonstop_tsc aperfmperf eagerfpu pni pclmulqdq dtes64 monitor ds_cpl vmx est tm2 ssse3 cx16 xtpr pdcm pcid sse4_1 sse4_2 popcnt tsc_deadline_timer xsave avx f16c lahf_lm arat epb xsaveopt pln pts dtherm tpr_shadow vnmi flexpriority ept vpid fsgsbase smep erms
bogomips	: 6385.81
clflush size	: 64
cache_alignment	: 64
address sizes	: 36 bits physical, 48 bits virtual
power management:

processor	: 3
vendor_id	: GenuineIntel
cpu family	: 6
model		: 58
model name	: Intel(R) Core(TM) i3-3210 CPU @ 3.20GHz
stepping	: 9
microcode	: 0x15
cpu MHz		: 3200.000
cache size	: 3072 KB
physical id	: 0
siblings	: 4
core id		: 1
cpu cores	: 2
apicid		: 3
initial apicid	: 3
fpu		: yes
fpu_exception	: yes
cpuid level	: 13
wp		: yes
flags		: fpu vme de pse tsc msr pae mce cx8 apic sep mtrr pge mca cmov pat pse36 clflush dts acpi mmx fxsr sse sse2 ss ht tm pbe syscall nx rdtscp lm constant_tsc arch_perfmon pebs bts rep_good nopl xtopology nonstop_tsc aperfmperf eagerfpu pni pclmulqdq dtes64 monitor ds_cpl vmx est tm2 ssse3 cx16 xtpr pdcm pcid sse4_1 sse4_2 popcnt tsc_deadline_timer xsave avx f16c lahf_lm arat epb xsaveopt pln pts dtherm tpr_shadow vnmi flexpriority ept vpid fsgsbase smep erms
bogomips	: 6385.81
clflush size	: 64
cache_alignment	: 64
address sizes	: 36 bits physical, 48 bits virtual
power management:



Memory: 4k page, physical 7872648k(1793252k free), swap 3883004k(3882784k free)

vm_info: Java HotSpot(TM) 64-Bit Server VM (25.101-b13) for linux-amd64 JRE (1.8.0_101-b13), built on Jun 22 2016 02:59:44 by "java_re" with gcc 4.3.0 20080428 (Red Hat 4.3.0-8)

time: Wed Nov  2 13:18:18 2016
elapsed time: 2 seconds (0d 0h 0m 2s)

